<?xml version="1.0" encoding="UTF-8"?>
<!-- Generated by org.testng.reporters.JUnitXMLReporter -->
<testsuite ignored="2" hostname="DESKTOP-R34GNMG" failures="0" tests="7" name="Test" time="41.908" errors="0" timestamp="2024-11-26T18:21:37 IST">
  <testcase classname="com.easypurse.ecommerce.UserModule.User" name="UserLogin" time="2.655"/>
  <testcase classname="com.easypurse.ecommerce.UserModule.User" name="VerifyTheCheckOutProcess" time="13.854"/>
  <testcase classname="com.easypurse.ecommerce.UserModule.User" name="verifyUserAbleToCreateAccount" time="2.361"/>
  <testcase classname="com.easypurse.ecommerce.UserModule.User" name="verifyWishlistAfterLogout" time="7.312"/>
  <testcase classname="com.easypurse.ecommerce.AdminModule.Admin" name="adminLogin" time="2.913"/>
  <testcase classname="com.easypurse.ecommerce.AdminModule.Admin" name="createCategoryTest" time="3.013"/>
  <testcase classname="com.easypurse.ecommerce.AdminModule.Admin" name="createSubCategoryTest" time="2.229"/>
  <testcase classname="com.easypurse.ecommerce.BaseUtility.BaseTest" name="@AfterSuite configAS" time="0.0">
    <ignored/>
  </testcase> <!-- @AfterSuite configAS -->
  <testcase classname="com.easypurse.ecommerce.BaseUtility.BaseTest" name="@BeforeSuite configBS" time="0.0">
    <ignored/>
  </testcase> <!-- @BeforeSuite configBS -->
</testsuite> <!-- Test -->
