<?xml version="1.0" encoding="UTF-8"?>
<testng-results ignored="0" total="7" passed="7" failed="0" skipped="0">
  <reporter-output>
  </reporter-output>
  <suite started-at="2024-11-26T18:21:58 IST" name="Suite" finished-at="2024-11-26T18:22:32 IST" duration-ms="34069">
    <groups>
      <group name="SmokeTest">
        <method signature="Admin.adminLogin()[pri:0, instance:com.easypurse.ecommerce.AdminModule.Admin@4b2bac3f]" name="adminLogin" class="com.easypurse.ecommerce.AdminModule.Admin"/>
        <method signature="User.UserLogin()[pri:0, instance:com.easypurse.ecommerce.UserModule.User@4c39bec8]" name="UserLogin" class="com.easypurse.ecommerce.UserModule.User"/>
        <method signature="User.verifyUserAbleToCreateAccount()[pri:0, instance:com.easypurse.ecommerce.UserModule.User@4c39bec8]" name="verifyUserAbleToCreateAccount" class="com.easypurse.ecommerce.UserModule.User"/>
      </group> <!-- SmokeTest -->
      <group name="RegressionTest">
        <method signature="Admin.createCategoryTest()[pri:0, instance:com.easypurse.ecommerce.AdminModule.Admin@4b2bac3f]" name="createCategoryTest" class="com.easypurse.ecommerce.AdminModule.Admin"/>
        <method signature="Admin.createSubCategoryTest()[pri:0, instance:com.easypurse.ecommerce.AdminModule.Admin@4b2bac3f]" name="createSubCategoryTest" class="com.easypurse.ecommerce.AdminModule.Admin"/>
        <method signature="User.VerifyTheCheckOutProcess()[pri:0, instance:com.easypurse.ecommerce.UserModule.User@4c39bec8]" name="VerifyTheCheckOutProcess" class="com.easypurse.ecommerce.UserModule.User"/>
        <method signature="User.verifyWishlistAfterLogout()[pri:0, instance:com.easypurse.ecommerce.UserModule.User@4c39bec8]" name="verifyWishlistAfterLogout" class="com.easypurse.ecommerce.UserModule.User"/>
      </group> <!-- RegressionTest -->
    </groups>
    <test started-at="2024-11-26T18:21:58 IST" name="Test1" finished-at="2024-11-26T18:22:15 IST" duration-ms="17150">
      <class name="com.easypurse.ecommerce.AdminModule.Admin">
        <test-method is-config="true" signature="ConfigBC(java.lang.String)[pri:0, instance:com.easypurse.ecommerce.AdminModule.Admin@4b2bac3f]" started-at="2024-11-26T18:21:58 IST" name="ConfigBC" finished-at="2024-11-26T18:22:02 IST" duration-ms="4297" status="PASS">
          <params>
            <param index="0">
              <value>
                <![CDATA[chrome]]>
              </value>
            </param>
          </params>
          <reporter-output>
          </reporter-output>
        </test-method> <!-- ConfigBC -->
        <test-method is-config="true" signature="configBM()[pri:0, instance:com.easypurse.ecommerce.AdminModule.Admin@4b2bac3f]" started-at="2024-11-26T18:22:02 IST" name="configBM" finished-at="2024-11-26T18:22:02 IST" duration-ms="1" status="PASS">
          <reporter-output>
          </reporter-output>
        </test-method> <!-- configBM -->
        <test-method signature="adminLogin()[pri:0, instance:com.easypurse.ecommerce.AdminModule.Admin@4b2bac3f]" started-at="2024-11-26T18:22:02 IST" name="adminLogin" finished-at="2024-11-26T18:22:06 IST" duration-ms="4058" status="PASS">
          <reporter-output>
          </reporter-output>
        </test-method> <!-- adminLogin -->
        <test-method is-config="true" signature="configAM()[pri:0, instance:com.easypurse.ecommerce.AdminModule.Admin@4b2bac3f]" started-at="2024-11-26T18:22:06 IST" name="configAM" finished-at="2024-11-26T18:22:06 IST" duration-ms="1" status="PASS">
          <reporter-output>
          </reporter-output>
        </test-method> <!-- configAM -->
        <test-method signature="createCategoryTest()[pri:0, instance:com.easypurse.ecommerce.AdminModule.Admin@4b2bac3f]" started-at="2024-11-26T18:22:06 IST" name="createCategoryTest" finished-at="2024-11-26T18:22:10 IST" duration-ms="4119" status="PASS">
          <reporter-output>
          </reporter-output>
        </test-method> <!-- createCategoryTest -->
        <test-method is-config="true" signature="configBM()[pri:0, instance:com.easypurse.ecommerce.AdminModule.Admin@4b2bac3f]" started-at="2024-11-26T18:22:06 IST" name="configBM" finished-at="2024-11-26T18:22:06 IST" duration-ms="0" status="PASS">
          <reporter-output>
          </reporter-output>
        </test-method> <!-- configBM -->
        <test-method is-config="true" signature="configAM()[pri:0, instance:com.easypurse.ecommerce.AdminModule.Admin@4b2bac3f]" started-at="2024-11-26T18:22:10 IST" name="configAM" finished-at="2024-11-26T18:22:10 IST" duration-ms="1" status="PASS">
          <reporter-output>
          </reporter-output>
        </test-method> <!-- configAM -->
        <test-method signature="createSubCategoryTest()[pri:0, instance:com.easypurse.ecommerce.AdminModule.Admin@4b2bac3f]" started-at="2024-11-26T18:22:10 IST" name="createSubCategoryTest" finished-at="2024-11-26T18:22:14 IST" duration-ms="3511" status="PASS">
          <reporter-output>
          </reporter-output>
        </test-method> <!-- createSubCategoryTest -->
        <test-method is-config="true" signature="configBM()[pri:0, instance:com.easypurse.ecommerce.AdminModule.Admin@4b2bac3f]" started-at="2024-11-26T18:22:10 IST" name="configBM" finished-at="2024-11-26T18:22:10 IST" duration-ms="0" status="PASS">
          <reporter-output>
          </reporter-output>
        </test-method> <!-- configBM -->
        <test-method is-config="true" signature="configAM()[pri:0, instance:com.easypurse.ecommerce.AdminModule.Admin@4b2bac3f]" started-at="2024-11-26T18:22:14 IST" name="configAM" finished-at="2024-11-26T18:22:14 IST" duration-ms="0" status="PASS">
          <reporter-output>
          </reporter-output>
        </test-method> <!-- configAM -->
        <test-method is-config="true" signature="configAC()[pri:0, instance:com.easypurse.ecommerce.AdminModule.Admin@4b2bac3f]" started-at="2024-11-26T18:22:14 IST" name="configAC" finished-at="2024-11-26T18:22:15 IST" duration-ms="1099" status="PASS">
          <reporter-output>
          </reporter-output>
        </test-method> <!-- configAC -->
      </class> <!-- com.easypurse.ecommerce.AdminModule.Admin -->
    </test> <!-- Test1 -->
    <test started-at="2024-11-26T18:21:58 IST" name="Test2" finished-at="2024-11-26T18:22:32 IST" duration-ms="34069">
      <class name="com.easypurse.ecommerce.UserModule.User">
        <test-method is-config="true" signature="configBS()[pri:0, instance:com.easypurse.ecommerce.UserModule.User@4c39bec8]" started-at="2024-11-26T18:21:57 IST" name="configBS" finished-at="2024-11-26T18:21:58 IST" duration-ms="201" status="PASS">
          <reporter-output>
          </reporter-output>
        </test-method> <!-- configBS -->
        <test-method is-config="true" signature="ConfigBC(java.lang.String)[pri:0, instance:com.easypurse.ecommerce.UserModule.User@4c39bec8]" started-at="2024-11-26T18:21:58 IST" name="ConfigBC" finished-at="2024-11-26T18:22:02 IST" duration-ms="4194" status="PASS">
          <params>
            <param index="0">
              <value>
                <![CDATA[chrome]]>
              </value>
            </param>
          </params>
          <reporter-output>
          </reporter-output>
        </test-method> <!-- ConfigBC -->
        <test-method is-config="true" signature="configBM()[pri:0, instance:com.easypurse.ecommerce.UserModule.User@4c39bec8]" started-at="2024-11-26T18:22:02 IST" name="configBM" finished-at="2024-11-26T18:22:02 IST" duration-ms="3" status="PASS">
          <reporter-output>
          </reporter-output>
        </test-method> <!-- configBM -->
        <test-method signature="UserLogin()[pri:0, instance:com.easypurse.ecommerce.UserModule.User@4c39bec8]" started-at="2024-11-26T18:22:02 IST" name="UserLogin" finished-at="2024-11-26T18:22:06 IST" duration-ms="4435" status="PASS">
          <reporter-output>
          </reporter-output>
        </test-method> <!-- UserLogin -->
        <test-method is-config="true" signature="configAM()[pri:0, instance:com.easypurse.ecommerce.UserModule.User@4c39bec8]" started-at="2024-11-26T18:22:06 IST" name="configAM" finished-at="2024-11-26T18:22:06 IST" duration-ms="1" status="PASS">
          <reporter-output>
          </reporter-output>
        </test-method> <!-- configAM -->
        <test-method is-config="true" signature="configBM()[pri:0, instance:com.easypurse.ecommerce.UserModule.User@4c39bec8]" started-at="2024-11-26T18:22:06 IST" name="configBM" finished-at="2024-11-26T18:22:06 IST" duration-ms="2" status="PASS">
          <reporter-output>
          </reporter-output>
        </test-method> <!-- configBM -->
        <test-method signature="VerifyTheCheckOutProcess()[pri:0, instance:com.easypurse.ecommerce.UserModule.User@4c39bec8]" started-at="2024-11-26T18:22:06 IST" name="VerifyTheCheckOutProcess" finished-at="2024-11-26T18:22:22 IST" duration-ms="15432" status="PASS">
          <reporter-output>
          </reporter-output>
        </test-method> <!-- VerifyTheCheckOutProcess -->
        <test-method is-config="true" signature="configAM()[pri:0, instance:com.easypurse.ecommerce.UserModule.User@4c39bec8]" started-at="2024-11-26T18:22:22 IST" name="configAM" finished-at="2024-11-26T18:22:22 IST" duration-ms="0" status="PASS">
          <reporter-output>
          </reporter-output>
        </test-method> <!-- configAM -->
        <test-method is-config="true" signature="configBM()[pri:0, instance:com.easypurse.ecommerce.UserModule.User@4c39bec8]" started-at="2024-11-26T18:22:22 IST" name="configBM" finished-at="2024-11-26T18:22:22 IST" duration-ms="1" status="PASS">
          <reporter-output>
          </reporter-output>
        </test-method> <!-- configBM -->
        <test-method signature="verifyUserAbleToCreateAccount()[pri:0, instance:com.easypurse.ecommerce.UserModule.User@4c39bec8]" started-at="2024-11-26T18:22:22 IST" name="verifyUserAbleToCreateAccount" finished-at="2024-11-26T18:22:24 IST" duration-ms="2208" status="PASS">
          <reporter-output>
          </reporter-output>
        </test-method> <!-- verifyUserAbleToCreateAccount -->
        <test-method signature="verifyWishlistAfterLogout()[pri:0, instance:com.easypurse.ecommerce.UserModule.User@4c39bec8]" started-at="2024-11-26T18:22:24 IST" name="verifyWishlistAfterLogout" finished-at="2024-11-26T18:22:31 IST" duration-ms="6967" status="PASS">
          <reporter-output>
          </reporter-output>
        </test-method> <!-- verifyWishlistAfterLogout -->
        <test-method is-config="true" signature="configAM()[pri:0, instance:com.easypurse.ecommerce.UserModule.User@4c39bec8]" started-at="2024-11-26T18:22:24 IST" name="configAM" finished-at="2024-11-26T18:22:24 IST" duration-ms="0" status="PASS">
          <reporter-output>
          </reporter-output>
        </test-method> <!-- configAM -->
        <test-method is-config="true" signature="configBM()[pri:0, instance:com.easypurse.ecommerce.UserModule.User@4c39bec8]" started-at="2024-11-26T18:22:24 IST" name="configBM" finished-at="2024-11-26T18:22:24 IST" duration-ms="0" status="PASS">
          <reporter-output>
          </reporter-output>
        </test-method> <!-- configBM -->
        <test-method is-config="true" signature="configAM()[pri:0, instance:com.easypurse.ecommerce.UserModule.User@4c39bec8]" started-at="2024-11-26T18:22:31 IST" name="configAM" finished-at="2024-11-26T18:22:31 IST" duration-ms="0" status="PASS">
          <reporter-output>
          </reporter-output>
        </test-method> <!-- configAM -->
        <test-method is-config="true" signature="configAC()[pri:0, instance:com.easypurse.ecommerce.UserModule.User@4c39bec8]" started-at="2024-11-26T18:22:31 IST" name="configAC" finished-at="2024-11-26T18:22:32 IST" duration-ms="664" status="PASS">
          <reporter-output>
          </reporter-output>
        </test-method> <!-- configAC -->
        <test-method is-config="true" signature="configAS()[pri:0, instance:com.easypurse.ecommerce.UserModule.User@4c39bec8]" started-at="2024-11-26T18:22:32 IST" name="configAS" finished-at="2024-11-26T18:22:32 IST" duration-ms="0" status="PASS">
          <reporter-output>
          </reporter-output>
        </test-method> <!-- configAS -->
      </class> <!-- com.easypurse.ecommerce.UserModule.User -->
    </test> <!-- Test2 -->
  </suite> <!-- Suite -->
</testng-results>
