<?xml version="1.0" encoding="UTF-8"?>
<!-- Generated by org.testng.reporters.JUnitXMLReporter -->
<testsuite ignored="3" hostname="DESKTOP-R34GNMG" failures="0" tests="1" name="Default test" time="9.93" errors="0" timestamp="2024-11-26T09:48:58 IST">
  <testcase classname="com.easypurse.ecommerce.UserModule.User" name="verifyUserAbleToCreateAccount" time="4.556"/>
  <testcase classname="com.easypurse.ecommerce.UserModule.User" name="VerifyTheCheckOutProcess" time="0.0">
    <ignored/>
  </testcase> <!-- VerifyTheCheckOutProcess -->
  <testcase classname="com.easypurse.ecommerce.UserModule.User" name="verifyWishlistAfterLogout" time="0.0">
    <ignored/>
  </testcase> <!-- verifyWishlistAfterLogout -->
  <testcase classname="com.easypurse.ecommerce.UserModule.User" name="UserLogin" time="0.0">
    <ignored/>
  </testcase> <!-- UserLogin -->
</testsuite> <!-- Default test -->
