<?xml version="1.0" encoding="UTF-8"?>
<!-- Generated by org.testng.reporters.JUnitXMLReporter -->
<testsuite ignored="0" hostname="DESKTOP-R34GNMG" failures="0" tests="4" name="Default test" time="29.598" errors="0" timestamp="2024-11-26T18:19:52 IST">
  <testcase classname="com.easypurse.ecommerce.UserModule.User" name="UserLogin" time="2.664"/>
  <testcase classname="com.easypurse.ecommerce.UserModule.User" name="VerifyTheCheckOutProcess" time="12.551"/>
  <testcase classname="com.easypurse.ecommerce.UserModule.User" name="verifyUserAbleToCreateAccount" time="2.33"/>
  <testcase classname="com.easypurse.ecommerce.UserModule.User" name="verifyWishlistAfterLogout" time="7.164"/>
</testsuite> <!-- Default test -->
